Mplus VERSION 8.11 (Mac)
MUTHEN & MUTHEN
07/12/2024   3:26 PM

INPUT INSTRUCTIONS

  TITLE:
  this is an example of a two-parameter logistic
  item response theory (IRT) model
  DATA:
  FILE = "ex5_5_0e06abc9e90586008564a284d1c653ea.dat";

  VARIABLE:
  NAMES = u1 u2 u3 u4 u5 u6 u7 u8 u9 u10 u11 u12 u13 u14 u15 u16 u17 u18 u19 u20;
   MISSING=.;
   CATEGORICAL ARE u1-u20;
  ANALYSIS:
  ESTIMATOR = MLR;
  MODEL:
  f BY u1-u20*;
         f@1;
  OUTPUT:
  standardized; cinterval; TECH1; TECH8;
  SAVEDATA:
  H5RESULTS = ex5_5.h5;



INPUT READING TERMINATED NORMALLY




this is an example of a two-parameter logistic
item response theory (IRT) model

SUMMARY OF ANALYSIS

Number of groups                                                 1
Number of observations                                         500

Number of dependent variables                                   20
Number of independent variables                                  0
Number of continuous latent variables                            1

Observed dependent variables

  Binary and ordered categorical (ordinal)
   U1          U2          U3          U4          U5          U6
   U7          U8          U9          U10         U11         U12
   U13         U14         U15         U16         U17         U18
   U19         U20

Continuous latent variables
   F


Estimator                                                      MLR
Information matrix                                        OBSERVED
Optimization Specifications for the Quasi-Newton Algorithm for
Continuous Outcomes
  Maximum number of iterations                                 100
  Convergence criterion                                  0.100D-05
Optimization Specifications for the EM Algorithm
  Maximum number of iterations                                 500
  Convergence criteria
    Loglikelihood change                                 0.100D-02
    Relative loglikelihood change                        0.100D-05
    Derivative                                           0.100D-02
Optimization Specifications for the M step of the EM Algorithm for
Categorical Latent variables
  Number of M step iterations                                    1
  M step convergence criterion                           0.100D-02
  Basis for M step termination                           ITERATION
Optimization Specifications for the M step of the EM Algorithm for
Censored, Binary or Ordered Categorical (Ordinal), Unordered
Categorical (Nominal) and Count Outcomes
  Number of M step iterations                                    1
  M step convergence criterion                           0.100D-02
  Basis for M step termination                           ITERATION
  Maximum value for logit thresholds                            15
  Minimum value for logit thresholds                           -15
  Minimum expected cell size for chi-square              0.100D-01
Maximum number of iterations for H1                           2000
Convergence criterion for H1                             0.100D-03
Optimization algorithm                                         EMA
Integration Specifications
  Type                                                    STANDARD
  Number of integration points                                  15
  Dimensions of numerical integration                            1
  Adaptive quadrature                                           ON
Link                                                         LOGIT
Cholesky                                                        ON

Input data file(s)
  ex5_5_0e06abc9e90586008564a284d1c653ea.dat
Input data format  FREE


SUMMARY OF DATA

     Number of missing data patterns             1
     Number of y missing data patterns           0
     Number of u missing data patterns           1


COVARIANCE COVERAGE OF DATA

Minimum covariance coverage value   0.100


UNIVARIATE PROPORTIONS AND COUNTS FOR CATEGORICAL VARIABLES

    U1
      Category 1    0.426          213.000
      Category 2    0.574          287.000
    U2
      Category 1    0.412          206.000
      Category 2    0.588          294.000
    U3
      Category 1    0.432          216.000
      Category 2    0.568          284.000
    U4
      Category 1    0.436          218.000
      Category 2    0.564          282.000
    U5
      Category 1    0.410          205.000
      Category 2    0.590          295.000
    U6
      Category 1    0.400          200.000
      Category 2    0.600          300.000
    U7
      Category 1    0.412          206.000
      Category 2    0.588          294.000
    U8
      Category 1    0.416          208.000
      Category 2    0.584          292.000
    U9
      Category 1    0.412          206.000
      Category 2    0.588          294.000
    U10
      Category 1    0.408          204.000
      Category 2    0.592          296.000
    U11
      Category 1    0.614          307.000
      Category 2    0.386          193.000
    U12
      Category 1    0.614          307.000
      Category 2    0.386          193.000
    U13
      Category 1    0.596          298.000
      Category 2    0.404          202.000
    U14
      Category 1    0.562          281.000
      Category 2    0.438          219.000
    U15
      Category 1    0.562          281.000
      Category 2    0.438          219.000
    U16
      Category 1    0.584          292.000
      Category 2    0.416          208.000
    U17
      Category 1    0.618          309.000
      Category 2    0.382          191.000
    U18
      Category 1    0.592          296.000
      Category 2    0.408          204.000
    U19
      Category 1    0.642          321.000
      Category 2    0.358          179.000
    U20
      Category 1    0.596          298.000
      Category 2    0.404          202.000



THE MODEL ESTIMATION TERMINATED NORMALLY

     THE CHI-SQUARE TEST CANNOT BE COMPUTED BECAUSE THE FREQUENCY TABLE FOR THE
     CATEGORICAL VARIABLES IS TOO LARGE.




MODEL FIT INFORMATION

Number of Free Parameters                       40

Loglikelihood

          H0 Value                       -6265.315
          H0 Scaling Correction Factor      1.0029
            for MLR

Information Criteria

          Akaike (AIC)                   12610.630
          Bayesian (BIC)                 12779.214
          Sample-Size Adjusted BIC       12652.252
            (n* = (n + 2) / 24)



MODEL RESULTS

                                                    Two-Tailed
                    Estimate       S.E.  Est./S.E.    P-Value

 F        BY
    U1                 1.026      0.152      6.755      0.000
    U2                 1.062      0.157      6.780      0.000
    U3                 0.916      0.141      6.482      0.000
    U4                 1.155      0.161      7.190      0.000
    U5                 0.980      0.151      6.471      0.000
    U6                 0.519      0.121      4.298      0.000
    U7                 1.128      0.159      7.085      0.000
    U8                 1.043      0.148      7.050      0.000
    U9                 1.021      0.150      6.827      0.000
    U10                0.969      0.141      6.852      0.000
    U11                1.235      0.165      7.484      0.000
    U12                0.982      0.148      6.651      0.000
    U13                1.007      0.146      6.900      0.000
    U14                0.760      0.127      5.990      0.000
    U15                0.791      0.128      6.203      0.000
    U16                0.950      0.141      6.739      0.000
    U17                1.144      0.161      7.119      0.000
    U18                1.125      0.154      7.323      0.000
    U19                0.781      0.131      5.942      0.000
    U20                1.094      0.151      7.223      0.000

 Thresholds
    U1$1              -0.368      0.111     -3.321      0.001
    U2$1              -0.443      0.114     -3.901      0.000
    U3$1              -0.327      0.107     -3.051      0.002
    U4$1              -0.333      0.115     -2.885      0.004
    U5$1              -0.441      0.111     -3.976      0.000
    U6$1              -0.432      0.098     -4.426      0.000
    U7$1              -0.453      0.115     -3.922      0.000
    U8$1              -0.420      0.112     -3.767      0.000
    U9$1              -0.437      0.112     -3.909      0.000
    U10$1             -0.450      0.110     -4.082      0.000
    U11$1              0.593      0.122      4.868      0.000
    U12$1              0.552      0.112      4.923      0.000
    U13$1              0.465      0.111      4.173      0.000
    U14$1              0.278      0.102      2.728      0.006
    U15$1              0.280      0.103      2.726      0.006
    U16$1              0.399      0.109      3.668      0.000
    U17$1              0.599      0.119      5.051      0.000
    U18$1              0.460      0.116      3.969      0.000
    U19$1              0.658      0.108      6.120      0.000
    U20$1              0.476      0.115      4.150      0.000

 Variances
    F                  1.000      0.000    999.000    999.000


QUALITY OF NUMERICAL RESULTS

     Condition Number for the Information Matrix              0.125E+00
       (ratio of smallest to largest eigenvalue)


RESULTS IN PROBABILITY SCALE

                    Estimate

 U1
    Category 1         0.425
    Category 2         0.575
 U2
    Category 1         0.411
    Category 2         0.589
 U3
    Category 1         0.431
    Category 2         0.569
 U4
    Category 1         0.435
    Category 2         0.565
 U5
    Category 1         0.409
    Category 2         0.591
 U6
    Category 1         0.400
    Category 2         0.600
 U7
    Category 1         0.411
    Category 2         0.589
 U8
    Category 1         0.415
    Category 2         0.585
 U9
    Category 1         0.411
    Category 2         0.589
 U10
    Category 1         0.407
    Category 2         0.593
 U11
    Category 1         0.612
    Category 2         0.388
 U12
    Category 1         0.613
    Category 2         0.387
 U13
    Category 1         0.595
    Category 2         0.405
 U14
    Category 1         0.561
    Category 2         0.439
 U15
    Category 1         0.561
    Category 2         0.439
 U16
    Category 1         0.583
    Category 2         0.417
 U17
    Category 1         0.617
    Category 2         0.383
 U18
    Category 1         0.591
    Category 2         0.409
 U19
    Category 1         0.641
    Category 2         0.359
 U20
    Category 1         0.595
    Category 2         0.405


IRT PARAMETERIZATION

                                                    Two-Tailed
                    Estimate       S.E.  Est./S.E.    P-Value

 Item Discriminations

 F        BY
    U1                 1.026      0.152      6.755      0.000
    U2                 1.062      0.157      6.780      0.000
    U3                 0.916      0.141      6.482      0.000
    U4                 1.155      0.161      7.190      0.000
    U5                 0.980      0.151      6.471      0.000
    U6                 0.519      0.121      4.298      0.000
    U7                 1.128      0.159      7.085      0.000
    U8                 1.043      0.148      7.050      0.000
    U9                 1.021      0.150      6.827      0.000
    U10                0.969      0.141      6.852      0.000
    U11                1.235      0.165      7.484      0.000
    U12                0.982      0.148      6.651      0.000
    U13                1.007      0.146      6.900      0.000
    U14                0.760      0.127      5.990      0.000
    U15                0.791      0.128      6.203      0.000
    U16                0.950      0.141      6.739      0.000
    U17                1.144      0.161      7.119      0.000
    U18                1.125      0.154      7.323      0.000
    U19                0.781      0.131      5.942      0.000
    U20                1.094      0.151      7.223      0.000

 Item Difficulties
    U1                -0.359      0.113     -3.176      0.001
    U2                -0.417      0.112     -3.721      0.000
    U3                -0.357      0.122     -2.913      0.004
    U4                -0.288      0.101     -2.841      0.004
    U5                -0.451      0.120     -3.748      0.000
    U6                -0.833      0.253     -3.296      0.001
    U7                -0.402      0.107     -3.747      0.000
    U8                -0.403      0.114     -3.540      0.000
    U9                -0.428      0.116     -3.698      0.000
    U10               -0.464      0.122     -3.816      0.000
    U11                0.480      0.105      4.555      0.000
    U12                0.562      0.129      4.374      0.000
    U13                0.462      0.120      3.833      0.000
    U14                0.366      0.143      2.560      0.010
    U15                0.354      0.138      2.566      0.010
    U16                0.420      0.123      3.403      0.001
    U17                0.524      0.113      4.626      0.000
    U18                0.409      0.109      3.766      0.000
    U19                0.843      0.176      4.778      0.000
    U20                0.435      0.112      3.882      0.000

 Variances
    F                  1.000      0.000      0.000      1.000


STANDARDIZED MODEL RESULTS


STDYX Standardization

                                                    Two-Tailed
                    Estimate       S.E.  Est./S.E.    P-Value

 F        BY
    U1                 0.492      0.055      8.914      0.000
    U2                 0.505      0.055      9.103      0.000
    U3                 0.451      0.055      8.137      0.000
    U4                 0.537      0.053     10.106      0.000
    U5                 0.475      0.057      8.360      0.000
    U6                 0.275      0.059      4.650      0.000
    U7                 0.528      0.054      9.824      0.000
    U8                 0.499      0.053      9.383      0.000
    U9                 0.490      0.055      8.990      0.000
    U10                0.471      0.053      8.808      0.000
    U11                0.563      0.051     10.955      0.000
    U12                0.476      0.055      8.598      0.000
    U13                0.485      0.054      9.025      0.000
    U14                0.386      0.055      7.040      0.000
    U15                0.400      0.054      7.384      0.000
    U16                0.464      0.054      8.588      0.000
    U17                0.534      0.054      9.952      0.000
    U18                0.527      0.052     10.140      0.000
    U19                0.395      0.056      7.043      0.000
    U20                0.517      0.052      9.852      0.000

 Thresholds
    U1$1              -0.177      0.053     -3.358      0.001
    U2$1              -0.211      0.053     -3.977      0.000
    U3$1              -0.161      0.052     -3.076      0.002
    U4$1              -0.155      0.053     -2.921      0.003
    U5$1              -0.214      0.053     -4.053      0.000
    U6$1              -0.229      0.051     -4.456      0.000
    U7$1              -0.212      0.053     -3.992      0.000
    U8$1              -0.201      0.053     -3.806      0.000
    U9$1              -0.210      0.053     -3.972      0.000
    U10$1             -0.219      0.053     -4.143      0.000
    U11$1              0.270      0.054      4.986      0.000
    U12$1              0.268      0.053      5.013      0.000
    U13$1              0.224      0.053      4.220      0.000
    U14$1              0.142      0.052      2.736      0.006
    U15$1              0.142      0.052      2.733      0.006
    U16$1              0.195      0.053      3.696      0.000
    U17$1              0.279      0.054      5.177      0.000
    U18$1              0.215      0.054      4.026      0.000
    U19$1              0.333      0.053      6.245      0.000
    U20$1              0.225      0.053      4.206      0.000

 Variances
    F                  1.000      0.000    999.000    999.000


STDY Standardization

                                                    Two-Tailed
                    Estimate       S.E.  Est./S.E.    P-Value

 F        BY
    U1                 0.492      0.055      8.914      0.000
    U2                 0.505      0.055      9.103      0.000
    U3                 0.451      0.055      8.137      0.000
    U4                 0.537      0.053     10.106      0.000
    U5                 0.475      0.057      8.360      0.000
    U6                 0.275      0.059      4.650      0.000
    U7                 0.528      0.054      9.824      0.000
    U8                 0.499      0.053      9.383      0.000
    U9                 0.490      0.055      8.990      0.000
    U10                0.471      0.053      8.808      0.000
    U11                0.563      0.051     10.955      0.000
    U12                0.476      0.055      8.598      0.000
    U13                0.485      0.054      9.025      0.000
    U14                0.386      0.055      7.040      0.000
    U15                0.400      0.054      7.384      0.000
    U16                0.464      0.054      8.588      0.000
    U17                0.534      0.054      9.952      0.000
    U18                0.527      0.052     10.140      0.000
    U19                0.395      0.056      7.043      0.000
    U20                0.517      0.052      9.852      0.000

 Thresholds
    U1$1              -0.177      0.053     -3.358      0.001
    U2$1              -0.211      0.053     -3.977      0.000
    U3$1              -0.161      0.052     -3.076      0.002
    U4$1              -0.155      0.053     -2.921      0.003
    U5$1              -0.214      0.053     -4.053      0.000
    U6$1              -0.229      0.051     -4.456      0.000
    U7$1              -0.212      0.053     -3.992      0.000
    U8$1              -0.201      0.053     -3.806      0.000
    U9$1              -0.210      0.053     -3.972      0.000
    U10$1             -0.219      0.053     -4.143      0.000
    U11$1              0.270      0.054      4.986      0.000
    U12$1              0.268      0.053      5.013      0.000
    U13$1              0.224      0.053      4.220      0.000
    U14$1              0.142      0.052      2.736      0.006
    U15$1              0.142      0.052      2.733      0.006
    U16$1              0.195      0.053      3.696      0.000
    U17$1              0.279      0.054      5.177      0.000
    U18$1              0.215      0.054      4.026      0.000
    U19$1              0.333      0.053      6.245      0.000
    U20$1              0.225      0.053      4.206      0.000

 Variances
    F                  1.000      0.000    999.000    999.000


STD Standardization

                                                    Two-Tailed
                    Estimate       S.E.  Est./S.E.    P-Value

 F        BY
    U1                 1.026      0.152      6.755      0.000
    U2                 1.062      0.157      6.780      0.000
    U3                 0.916      0.141      6.482      0.000
    U4                 1.155      0.161      7.190      0.000
    U5                 0.980      0.151      6.471      0.000
    U6                 0.519      0.121      4.298      0.000
    U7                 1.128      0.159      7.085      0.000
    U8                 1.043      0.148      7.050      0.000
    U9                 1.021      0.150      6.827      0.000
    U10                0.969      0.141      6.852      0.000
    U11                1.235      0.165      7.484      0.000
    U12                0.982      0.148      6.651      0.000
    U13                1.007      0.146      6.900      0.000
    U14                0.760      0.127      5.990      0.000
    U15                0.791      0.128      6.203      0.000
    U16                0.950      0.141      6.739      0.000
    U17                1.144      0.161      7.119      0.000
    U18                1.125      0.154      7.323      0.000
    U19                0.781      0.131      5.942      0.000
    U20                1.094      0.151      7.223      0.000

 Thresholds
    U1$1              -0.368      0.111     -3.321      0.001
    U2$1              -0.443      0.114     -3.901      0.000
    U3$1              -0.327      0.107     -3.051      0.002
    U4$1              -0.333      0.115     -2.885      0.004
    U5$1              -0.441      0.111     -3.976      0.000
    U6$1              -0.432      0.098     -4.426      0.000
    U7$1              -0.453      0.115     -3.922      0.000
    U8$1              -0.420      0.112     -3.767      0.000
    U9$1              -0.437      0.112     -3.909      0.000
    U10$1             -0.450      0.110     -4.082      0.000
    U11$1              0.593      0.122      4.868      0.000
    U12$1              0.552      0.112      4.923      0.000
    U13$1              0.465      0.111      4.173      0.000
    U14$1              0.278      0.102      2.728      0.006
    U15$1              0.280      0.103      2.726      0.006
    U16$1              0.399      0.109      3.668      0.000
    U17$1              0.599      0.119      5.051      0.000
    U18$1              0.460      0.116      3.969      0.000
    U19$1              0.658      0.108      6.120      0.000
    U20$1              0.476      0.115      4.150      0.000

 Variances
    F                  1.000      0.000    999.000    999.000


R-SQUARE

    Observed                                        Two-Tailed
    Variable        Estimate       S.E.  Est./S.E.    P-Value

    U1                 0.242      0.054      4.457      0.000
    U2                 0.255      0.056      4.552      0.000
    U3                 0.203      0.050      4.068      0.000
    U4                 0.289      0.057      5.053      0.000
    U5                 0.226      0.054      4.180      0.000
    U6                 0.076      0.033      2.325      0.020
    U7                 0.279      0.057      4.912      0.000
    U8                 0.249      0.053      4.691      0.000
    U9                 0.241      0.054      4.495      0.000
    U10                0.222      0.050      4.404      0.000
    U11                0.317      0.058      5.477      0.000
    U12                0.227      0.053      4.299      0.000
    U13                0.236      0.052      4.513      0.000
    U14                0.149      0.042      3.520      0.000
    U15                0.160      0.043      3.692      0.000
    U16                0.215      0.050      4.294      0.000
    U17                0.285      0.057      4.976      0.000
    U18                0.278      0.055      5.070      0.000
    U19                0.156      0.044      3.522      0.000
    U20                0.267      0.054      4.926      0.000


CONFIDENCE INTERVALS OF MODEL RESULTS

                  Lower .5%  Lower 2.5%    Lower 5%    Estimate    Upper 5%  Upper 2.5%   Upper .5%

 F        BY
    U1               0.634       0.728       0.776       1.026       1.275       1.323       1.417
    U2               0.658       0.755       0.804       1.062       1.320       1.369       1.465
    U3               0.552       0.639       0.684       0.916       1.149       1.193       1.280
    U4               0.741       0.840       0.891       1.155       1.419       1.470       1.569
    U5               0.590       0.683       0.731       0.980       1.229       1.277       1.370
    U6               0.208       0.282       0.320       0.519       0.717       0.755       0.829
    U7               0.718       0.816       0.866       1.128       1.390       1.440       1.538
    U8               0.662       0.753       0.800       1.043       1.287       1.333       1.425
    U9               0.636       0.728       0.775       1.021       1.267       1.314       1.406
    U10              0.605       0.692       0.736       0.969       1.202       1.246       1.333
    U11              0.810       0.912       0.964       1.235       1.507       1.559       1.660
    U12              0.601       0.692       0.739       0.982       1.224       1.271       1.362
    U13              0.631       0.721       0.767       1.007       1.247       1.293       1.383
    U14              0.433       0.511       0.551       0.760       0.968       1.008       1.086
    U15              0.463       0.541       0.581       0.791       1.001       1.041       1.120
    U16              0.587       0.674       0.718       0.950       1.182       1.226       1.313
    U17              0.730       0.829       0.880       1.144       1.409       1.459       1.558
    U18              0.729       0.824       0.872       1.125       1.378       1.426       1.521
    U19              0.442       0.523       0.565       0.781       0.997       1.038       1.119
    U20              0.704       0.797       0.845       1.094       1.343       1.391       1.484

 Thresholds
    U1$1            -0.654      -0.586      -0.551      -0.368      -0.186      -0.151      -0.083
    U2$1            -0.736      -0.666      -0.630      -0.443      -0.256      -0.220      -0.151
    U3$1            -0.602      -0.537      -0.503      -0.327      -0.151      -0.117      -0.051
    U4$1            -0.630      -0.559      -0.523      -0.333      -0.143      -0.107      -0.036
    U5$1            -0.727      -0.659      -0.624      -0.441      -0.259      -0.224      -0.155
    U6$1            -0.683      -0.623      -0.592      -0.432      -0.271      -0.241      -0.180
    U7$1            -0.750      -0.679      -0.643      -0.453      -0.263      -0.227      -0.155
    U8$1            -0.708      -0.639      -0.604      -0.420      -0.237      -0.202      -0.133
    U9$1            -0.725      -0.656      -0.621      -0.437      -0.253      -0.218      -0.149
    U10$1           -0.734      -0.666      -0.631      -0.450      -0.269      -0.234      -0.166
    U11$1            0.279       0.355       0.393       0.593       0.794       0.832       0.907
    U12$1            0.263       0.332       0.368       0.552       0.736       0.772       0.841
    U13$1            0.178       0.247       0.282       0.465       0.648       0.683       0.752
    U14$1            0.016       0.078       0.110       0.278       0.446       0.478       0.541
    U15$1            0.015       0.079       0.111       0.280       0.450       0.482       0.545
    U16$1            0.119       0.186       0.220       0.399       0.578       0.612       0.679
    U17$1            0.294       0.367       0.404       0.599       0.794       0.832       0.905
    U18$1            0.161       0.233       0.269       0.460       0.650       0.687       0.758
    U19$1            0.381       0.448       0.481       0.658       0.835       0.869       0.936
    U20$1            0.181       0.251       0.288       0.476       0.665       0.701       0.772

 Variances
    F                1.000       1.000       1.000       1.000       1.000       1.000       1.000


CONFIDENCE INTERVALS OF STANDARDIZED MODEL RESULTS


STDYX Standardization

                  Lower .5%  Lower 2.5%    Lower 5%    Estimate    Upper 5%  Upper 2.5%   Upper .5%

 F        BY
    U1               0.350       0.384       0.401       0.492       0.583       0.600       0.634
    U2               0.362       0.396       0.414       0.505       0.597       0.614       0.648
    U3               0.308       0.342       0.360       0.451       0.542       0.559       0.594
    U4               0.400       0.433       0.450       0.537       0.625       0.641       0.674
    U5               0.329       0.364       0.382       0.475       0.569       0.587       0.622
    U6               0.123       0.159       0.178       0.275       0.372       0.391       0.427
    U7               0.390       0.423       0.440       0.528       0.616       0.633       0.666
    U8               0.362       0.394       0.411       0.499       0.586       0.603       0.635
    U9               0.350       0.384       0.401       0.490       0.580       0.597       0.631
    U10              0.333       0.366       0.383       0.471       0.559       0.576       0.609
    U11              0.431       0.462       0.478       0.563       0.647       0.664       0.695
    U12              0.333       0.367       0.385       0.476       0.567       0.584       0.619
    U13              0.347       0.380       0.397       0.485       0.574       0.591       0.624
    U14              0.245       0.279       0.296       0.386       0.476       0.494       0.528
    U15              0.260       0.294       0.311       0.400       0.489       0.506       0.539
    U16              0.325       0.358       0.375       0.464       0.553       0.570       0.603
    U17              0.395       0.429       0.445       0.534       0.622       0.639       0.672
    U18              0.393       0.425       0.442       0.527       0.613       0.629       0.661
    U19              0.251       0.285       0.303       0.395       0.488       0.505       0.540
    U20              0.382       0.414       0.430       0.517       0.603       0.619       0.652

 Thresholds
    U1$1            -0.312      -0.280      -0.263      -0.177      -0.090      -0.074      -0.041
    U2$1            -0.347      -0.315      -0.298      -0.211      -0.124      -0.107      -0.074
    U3$1            -0.295      -0.263      -0.247      -0.161      -0.075      -0.058      -0.026
    U4$1            -0.291      -0.259      -0.242      -0.155      -0.068      -0.051      -0.018
    U5$1            -0.350      -0.318      -0.301      -0.214      -0.127      -0.111      -0.078
    U6$1            -0.361      -0.330      -0.313      -0.229      -0.144      -0.128      -0.097
    U7$1            -0.349      -0.316      -0.299      -0.212      -0.125      -0.108      -0.075
    U8$1            -0.337      -0.304      -0.288      -0.201      -0.114      -0.097      -0.065
    U9$1            -0.346      -0.314      -0.297      -0.210      -0.123      -0.106      -0.074
    U10$1           -0.355      -0.322      -0.306      -0.219      -0.132      -0.115      -0.083
    U11$1            0.131       0.164       0.181       0.270       0.360       0.377       0.410
    U12$1            0.130       0.163       0.180       0.268       0.355       0.372       0.405
    U13$1            0.087       0.120       0.137       0.224       0.312       0.328       0.361
    U14$1            0.008       0.040       0.056       0.142       0.227       0.243       0.275
    U15$1            0.008       0.040       0.056       0.142       0.227       0.243       0.275
    U16$1            0.059       0.091       0.108       0.195       0.281       0.298       0.331
    U17$1            0.140       0.174       0.191       0.279       0.368       0.385       0.418
    U18$1            0.078       0.111       0.127       0.215       0.303       0.320       0.353
    U19$1            0.196       0.229       0.246       0.333       0.421       0.438       0.471
    U20$1            0.087       0.120       0.137       0.225       0.313       0.330       0.363

 Variances
    F                1.000       1.000       1.000       1.000       1.000       1.000       1.000


STDY Standardization

                  Lower .5%  Lower 2.5%    Lower 5%    Estimate    Upper 5%  Upper 2.5%   Upper .5%

 F        BY
    U1               0.350       0.384       0.401       0.492       0.583       0.600       0.634
    U2               0.362       0.396       0.414       0.505       0.597       0.614       0.648
    U3               0.308       0.342       0.360       0.451       0.542       0.559       0.594
    U4               0.400       0.433       0.450       0.537       0.625       0.641       0.674
    U5               0.329       0.364       0.382       0.475       0.569       0.587       0.622
    U6               0.123       0.159       0.178       0.275       0.372       0.391       0.427
    U7               0.390       0.423       0.440       0.528       0.616       0.633       0.666
    U8               0.362       0.394       0.411       0.499       0.586       0.603       0.635
    U9               0.350       0.384       0.401       0.490       0.580       0.597       0.631
    U10              0.333       0.366       0.383       0.471       0.559       0.576       0.609
    U11              0.431       0.462       0.478       0.563       0.647       0.664       0.695
    U12              0.333       0.367       0.385       0.476       0.567       0.584       0.619
    U13              0.347       0.380       0.397       0.485       0.574       0.591       0.624
    U14              0.245       0.279       0.296       0.386       0.476       0.494       0.528
    U15              0.260       0.294       0.311       0.400       0.489       0.506       0.539
    U16              0.325       0.358       0.375       0.464       0.553       0.570       0.603
    U17              0.395       0.429       0.445       0.534       0.622       0.639       0.672
    U18              0.393       0.425       0.442       0.527       0.613       0.629       0.661
    U19              0.251       0.285       0.303       0.395       0.488       0.505       0.540
    U20              0.382       0.414       0.430       0.517       0.603       0.619       0.652

 Thresholds
    U1$1            -0.312      -0.280      -0.263      -0.177      -0.090      -0.074      -0.041
    U2$1            -0.347      -0.315      -0.298      -0.211      -0.124      -0.107      -0.074
    U3$1            -0.295      -0.263      -0.247      -0.161      -0.075      -0.058      -0.026
    U4$1            -0.291      -0.259      -0.242      -0.155      -0.068      -0.051      -0.018
    U5$1            -0.350      -0.318      -0.301      -0.214      -0.127      -0.111      -0.078
    U6$1            -0.361      -0.330      -0.313      -0.229      -0.144      -0.128      -0.097
    U7$1            -0.349      -0.316      -0.299      -0.212      -0.125      -0.108      -0.075
    U8$1            -0.337      -0.304      -0.288      -0.201      -0.114      -0.097      -0.065
    U9$1            -0.346      -0.314      -0.297      -0.210      -0.123      -0.106      -0.074
    U10$1           -0.355      -0.322      -0.306      -0.219      -0.132      -0.115      -0.083
    U11$1            0.131       0.164       0.181       0.270       0.360       0.377       0.410
    U12$1            0.130       0.163       0.180       0.268       0.355       0.372       0.405
    U13$1            0.087       0.120       0.137       0.224       0.312       0.328       0.361
    U14$1            0.008       0.040       0.056       0.142       0.227       0.243       0.275
    U15$1            0.008       0.040       0.056       0.142       0.227       0.243       0.275
    U16$1            0.059       0.091       0.108       0.195       0.281       0.298       0.331
    U17$1            0.140       0.174       0.191       0.279       0.368       0.385       0.418
    U18$1            0.078       0.111       0.127       0.215       0.303       0.320       0.353
    U19$1            0.196       0.229       0.246       0.333       0.421       0.438       0.471
    U20$1            0.087       0.120       0.137       0.225       0.313       0.330       0.363

 Variances
    F                1.000       1.000       1.000       1.000       1.000       1.000       1.000


STD Standardization

                  Lower .5%  Lower 2.5%    Lower 5%    Estimate    Upper 5%  Upper 2.5%   Upper .5%

 F        BY
    U1               0.634       0.728       0.776       1.026       1.275       1.323       1.417
    U2               0.658       0.755       0.804       1.062       1.320       1.369       1.465
    U3               0.552       0.639       0.684       0.916       1.149       1.193       1.280
    U4               0.741       0.840       0.891       1.155       1.419       1.470       1.569
    U5               0.590       0.683       0.731       0.980       1.229       1.277       1.370
    U6               0.208       0.282       0.320       0.519       0.717       0.755       0.829
    U7               0.718       0.816       0.866       1.128       1.390       1.440       1.538
    U8               0.662       0.753       0.800       1.043       1.287       1.333       1.425
    U9               0.636       0.728       0.775       1.021       1.267       1.314       1.406
    U10              0.605       0.692       0.736       0.969       1.202       1.246       1.333
    U11              0.810       0.912       0.964       1.235       1.507       1.559       1.660
    U12              0.601       0.692       0.739       0.982       1.224       1.271       1.362
    U13              0.631       0.721       0.767       1.007       1.247       1.293       1.383
    U14              0.433       0.511       0.551       0.760       0.968       1.008       1.086
    U15              0.463       0.541       0.581       0.791       1.001       1.041       1.120
    U16              0.587       0.674       0.718       0.950       1.182       1.226       1.313
    U17              0.730       0.829       0.880       1.144       1.409       1.459       1.558
    U18              0.729       0.824       0.872       1.125       1.378       1.426       1.521
    U19              0.442       0.523       0.565       0.781       0.997       1.038       1.119
    U20              0.704       0.797       0.845       1.094       1.343       1.391       1.484

 Thresholds
    U1$1            -0.654      -0.586      -0.551      -0.368      -0.186      -0.151      -0.083
    U2$1            -0.736      -0.666      -0.630      -0.443      -0.256      -0.220      -0.151
    U3$1            -0.602      -0.537      -0.503      -0.327      -0.151      -0.117      -0.051
    U4$1            -0.630      -0.559      -0.523      -0.333      -0.143      -0.107      -0.036
    U5$1            -0.727      -0.659      -0.624      -0.441      -0.259      -0.224      -0.155
    U6$1            -0.683      -0.623      -0.592      -0.432      -0.271      -0.241      -0.180
    U7$1            -0.750      -0.679      -0.643      -0.453      -0.263      -0.227      -0.155
    U8$1            -0.708      -0.639      -0.604      -0.420      -0.237      -0.202      -0.133
    U9$1            -0.725      -0.656      -0.621      -0.437      -0.253      -0.218      -0.149
    U10$1           -0.734      -0.666      -0.631      -0.450      -0.269      -0.234      -0.166
    U11$1            0.279       0.355       0.393       0.593       0.794       0.832       0.907
    U12$1            0.263       0.332       0.368       0.552       0.736       0.772       0.841
    U13$1            0.178       0.247       0.282       0.465       0.648       0.683       0.752
    U14$1            0.016       0.078       0.110       0.278       0.446       0.478       0.541
    U15$1            0.015       0.079       0.111       0.280       0.450       0.482       0.545
    U16$1            0.119       0.186       0.220       0.399       0.578       0.612       0.679
    U17$1            0.294       0.367       0.404       0.599       0.794       0.832       0.905
    U18$1            0.161       0.233       0.269       0.460       0.650       0.687       0.758
    U19$1            0.381       0.448       0.481       0.658       0.835       0.869       0.936
    U20$1            0.181       0.251       0.288       0.476       0.665       0.701       0.772

 Variances
    F                1.000       1.000       1.000       1.000       1.000       1.000       1.000


TECHNICAL 1 OUTPUT


     PARAMETER SPECIFICATION


           TAU
              U1$1          U2$1          U3$1          U4$1          U5$1
              ________      ________      ________      ________      ________
                   21            22            23            24            25


           TAU
              U6$1          U7$1          U8$1          U9$1          U10$1
              ________      ________      ________      ________      ________
                   26            27            28            29            30


           TAU
              U11$1         U12$1         U13$1         U14$1         U15$1
              ________      ________      ________      ________      ________
                   31            32            33            34            35


           TAU
              U16$1         U17$1         U18$1         U19$1         U20$1
              ________      ________      ________      ________      ________
                   36            37            38            39            40


           NU
              U1            U2            U3            U4            U5
              ________      ________      ________      ________      ________
                    0             0             0             0             0


           NU
              U6            U7            U8            U9            U10
              ________      ________      ________      ________      ________
                    0             0             0             0             0


           NU
              U11           U12           U13           U14           U15
              ________      ________      ________      ________      ________
                    0             0             0             0             0


           NU
              U16           U17           U18           U19           U20
              ________      ________      ________      ________      ________
                    0             0             0             0             0


           LAMBDA
              F
              ________
 U1                 1
 U2                 2
 U3                 3
 U4                 4
 U5                 5
 U6                 6
 U7                 7
 U8                 8
 U9                 9
 U10               10
 U11               11
 U12               12
 U13               13
 U14               14
 U15               15
 U16               16
 U17               17
 U18               18
 U19               19
 U20               20


           THETA
              U1            U2            U3            U4            U5
              ________      ________      ________      ________      ________
 U1                 0
 U2                 0             0
 U3                 0             0             0
 U4                 0             0             0             0
 U5                 0             0             0             0             0
 U6                 0             0             0             0             0
 U7                 0             0             0             0             0
 U8                 0             0             0             0             0
 U9                 0             0             0             0             0
 U10                0             0             0             0             0
 U11                0             0             0             0             0
 U12                0             0             0             0             0
 U13                0             0             0             0             0
 U14                0             0             0             0             0
 U15                0             0             0             0             0
 U16                0             0             0             0             0
 U17                0             0             0             0             0
 U18                0             0             0             0             0
 U19                0             0             0             0             0
 U20                0             0             0             0             0


           THETA
              U6            U7            U8            U9            U10
              ________      ________      ________      ________      ________
 U6                 0
 U7                 0             0
 U8                 0             0             0
 U9                 0             0             0             0
 U10                0             0             0             0             0
 U11                0             0             0             0             0
 U12                0             0             0             0             0
 U13                0             0             0             0             0
 U14                0             0             0             0             0
 U15                0             0             0             0             0
 U16                0             0             0             0             0
 U17                0             0             0             0             0
 U18                0             0             0             0             0
 U19                0             0             0             0             0
 U20                0             0             0             0             0


           THETA
              U11           U12           U13           U14           U15
              ________      ________      ________      ________      ________
 U11                0
 U12                0             0
 U13                0             0             0
 U14                0             0             0             0
 U15                0             0             0             0             0
 U16                0             0             0             0             0
 U17                0             0             0             0             0
 U18                0             0             0             0             0
 U19                0             0             0             0             0
 U20                0             0             0             0             0


           THETA
              U16           U17           U18           U19           U20
              ________      ________      ________      ________      ________
 U16                0
 U17                0             0
 U18                0             0             0
 U19                0             0             0             0
 U20                0             0             0             0             0


           ALPHA
              F
              ________
                    0


           BETA
              F
              ________
 F                  0


           PSI
              F
              ________
 F                  0


     STARTING VALUES


           TAU
              U1$1          U2$1          U3$1          U4$1          U5$1
              ________      ________      ________      ________      ________
               -0.298        -0.356        -0.274        -0.257        -0.364


           TAU
              U6$1          U7$1          U8$1          U9$1          U10$1
              ________      ________      ________      ________      ________
               -0.405        -0.356        -0.339        -0.356        -0.372


           TAU
              U11$1         U12$1         U13$1         U14$1         U15$1
              ________      ________      ________      ________      ________
                0.464         0.464         0.389         0.249         0.249


           TAU
              U16$1         U17$1         U18$1         U19$1         U20$1
              ________      ________      ________      ________      ________
                0.339         0.481         0.372         0.584         0.389


           NU
              U1            U2            U3            U4            U5
              ________      ________      ________      ________      ________
                0.000         0.000         0.000         0.000         0.000


           NU
              U6            U7            U8            U9            U10
              ________      ________      ________      ________      ________
                0.000         0.000         0.000         0.000         0.000


           NU
              U11           U12           U13           U14           U15
              ________      ________      ________      ________      ________
                0.000         0.000         0.000         0.000         0.000


           NU
              U16           U17           U18           U19           U20
              ________      ________      ________      ________      ________
                0.000         0.000         0.000         0.000         0.000


           LAMBDA
              F
              ________
 U1             1.000
 U2             1.000
 U3             1.000
 U4             1.000
 U5             1.000
 U6             1.000
 U7             1.000
 U8             1.000
 U9             1.000
 U10            1.000
 U11            1.000
 U12            1.000
 U13            1.000
 U14            1.000
 U15            1.000
 U16            1.000
 U17            1.000
 U18            1.000
 U19            1.000
 U20            1.000


           THETA
              U1            U2            U3            U4            U5
              ________      ________      ________      ________      ________
 U1             1.000
 U2             0.000         1.000
 U3             0.000         0.000         1.000
 U4             0.000         0.000         0.000         1.000
 U5             0.000         0.000         0.000         0.000         1.000
 U6             0.000         0.000         0.000         0.000         0.000
 U7             0.000         0.000         0.000         0.000         0.000
 U8             0.000         0.000         0.000         0.000         0.000
 U9             0.000         0.000         0.000         0.000         0.000
 U10            0.000         0.000         0.000         0.000         0.000
 U11            0.000         0.000         0.000         0.000         0.000
 U12            0.000         0.000         0.000         0.000         0.000
 U13            0.000         0.000         0.000         0.000         0.000
 U14            0.000         0.000         0.000         0.000         0.000
 U15            0.000         0.000         0.000         0.000         0.000
 U16            0.000         0.000         0.000         0.000         0.000
 U17            0.000         0.000         0.000         0.000         0.000
 U18            0.000         0.000         0.000         0.000         0.000
 U19            0.000         0.000         0.000         0.000         0.000
 U20            0.000         0.000         0.000         0.000         0.000


           THETA
              U6            U7            U8            U9            U10
              ________      ________      ________      ________      ________
 U6             1.000
 U7             0.000         1.000
 U8             0.000         0.000         1.000
 U9             0.000         0.000         0.000         1.000
 U10            0.000         0.000         0.000         0.000         1.000
 U11            0.000         0.000         0.000         0.000         0.000
 U12            0.000         0.000         0.000         0.000         0.000
 U13            0.000         0.000         0.000         0.000         0.000
 U14            0.000         0.000         0.000         0.000         0.000
 U15            0.000         0.000         0.000         0.000         0.000
 U16            0.000         0.000         0.000         0.000         0.000
 U17            0.000         0.000         0.000         0.000         0.000
 U18            0.000         0.000         0.000         0.000         0.000
 U19            0.000         0.000         0.000         0.000         0.000
 U20            0.000         0.000         0.000         0.000         0.000


           THETA
              U11           U12           U13           U14           U15
              ________      ________      ________      ________      ________
 U11            1.000
 U12            0.000         1.000
 U13            0.000         0.000         1.000
 U14            0.000         0.000         0.000         1.000
 U15            0.000         0.000         0.000         0.000         1.000
 U16            0.000         0.000         0.000         0.000         0.000
 U17            0.000         0.000         0.000         0.000         0.000
 U18            0.000         0.000         0.000         0.000         0.000
 U19            0.000         0.000         0.000         0.000         0.000
 U20            0.000         0.000         0.000         0.000         0.000


           THETA
              U16           U17           U18           U19           U20
              ________      ________      ________      ________      ________
 U16            1.000
 U17            0.000         1.000
 U18            0.000         0.000         1.000
 U19            0.000         0.000         0.000         1.000
 U20            0.000         0.000         0.000         0.000         1.000


           ALPHA
              F
              ________
                0.000


           BETA
              F
              ________
 F              0.000


           PSI
              F
              ________
 F              1.000


TECHNICAL 8 OUTPUT


   E STEP  ITER  LOGLIKELIHOOD    ABS CHANGE   REL CHANGE  ALGORITHM
              1 -0.62863564D+04    0.0000000    0.0000000  EM
              2 -0.62661906D+04   20.1657817    0.0032079  EM
              3 -0.62653912D+04    0.7994457    0.0001276  EM
              4 -0.62653242D+04    0.0670496    0.0000107  EM
              5 -0.62653166D+04    0.0075983    0.0000012  EM
              6 -0.62653152D+04    0.0013361    0.0000002  EM
              7 -0.62653149D+04    0.0003687    0.0000001  EM


SAVEDATA INFORMATION


  Results in H5 Format

  Save file
    ex5_5.h5

  List of results saved

    Summary of Analysis
    Model Fit Information
    Model Results
    Results in Probability Scale
    IRT Parameterization
    Standardized Model Results
    R-Square
    Confidence Intervals of Model Results
    Confidence Intervals of Standardized Model Results

     Beginning Time:  15:26:51
        Ending Time:  15:26:51
       Elapsed Time:  00:00:00



MUTHEN & MUTHEN
3463 Stoner Ave.
Los Angeles, CA  90066

Tel: (310) 391-9971
Fax: (310) 391-8971
Web: www.StatModel.com
Support: Support@StatModel.com

Copyright (c) 1998-2024 Muthen & Muthen
