Mplus VERSION 8.11 (Mac)
MUTHEN & MUTHEN
07/12/2024   9:28 PM

INPUT INSTRUCTIONS

  TITLE:
  this is an example of a two-parameter logistic
  item response theory (IRT) model
  DATA:
  FILE = "ex5_5_0e06abc9e90586008564a284d1c653ea.dat";

  VARIABLE:
  NAMES = u1 u2 u3 u4 u5 u6 u7 u8 u9 u10 u11 u12 u13 u14 u15 u16 u17 u18 u19 u20;
   MISSING=.;
   CATEGORICAL ARE u1-u20;
  ANALYSIS:
  ESTIMATOR = WLSMV;
  MODEL:
  f BY u1-u20*;
         f@1;
          f by u1@.2;
  OUTPUT:
  modindices(all); standardized; cinterval;
  SAVEDATA:
  H5RESULTS = ex5_5_wlsmv.h5;



INPUT READING TERMINATED NORMALLY




this is an example of a two-parameter logistic
item response theory (IRT) model

SUMMARY OF ANALYSIS

Number of groups                                                 1
Number of observations                                         500

Number of dependent variables                                   20
Number of independent variables                                  0
Number of continuous latent variables                            1

Observed dependent variables

  Binary and ordered categorical (ordinal)
   U1          U2          U3          U4          U5          U6
   U7          U8          U9          U10         U11         U12
   U13         U14         U15         U16         U17         U18
   U19         U20

Continuous latent variables
   F


Estimator                                                    WLSMV
Maximum number of iterations                                  1000
Convergence criterion                                    0.500D-04
Maximum number of steepest descent iterations                   20
Maximum number of iterations for H1                           2000
Convergence criterion for H1                             0.100D-03
Parameterization                                             DELTA
Link                                                        PROBIT

Input data file(s)
  ex5_5_0e06abc9e90586008564a284d1c653ea.dat

Input data format  FREE


SUMMARY OF DATA

     Number of missing data patterns             1


COVARIANCE COVERAGE OF DATA

Minimum covariance coverage value   0.100


     PROPORTION OF DATA PRESENT


           Covariance Coverage
              U1            U2            U3            U4            U5
              ________      ________      ________      ________      ________
 U1             1.000
 U2             1.000         1.000
 U3             1.000         1.000         1.000
 U4             1.000         1.000         1.000         1.000
 U5             1.000         1.000         1.000         1.000         1.000
 U6             1.000         1.000         1.000         1.000         1.000
 U7             1.000         1.000         1.000         1.000         1.000
 U8             1.000         1.000         1.000         1.000         1.000
 U9             1.000         1.000         1.000         1.000         1.000
 U10            1.000         1.000         1.000         1.000         1.000
 U11            1.000         1.000         1.000         1.000         1.000
 U12            1.000         1.000         1.000         1.000         1.000
 U13            1.000         1.000         1.000         1.000         1.000
 U14            1.000         1.000         1.000         1.000         1.000
 U15            1.000         1.000         1.000         1.000         1.000
 U16            1.000         1.000         1.000         1.000         1.000
 U17            1.000         1.000         1.000         1.000         1.000
 U18            1.000         1.000         1.000         1.000         1.000
 U19            1.000         1.000         1.000         1.000         1.000
 U20            1.000         1.000         1.000         1.000         1.000


           Covariance Coverage
              U6            U7            U8            U9            U10
              ________      ________      ________      ________      ________
 U6             1.000
 U7             1.000         1.000
 U8             1.000         1.000         1.000
 U9             1.000         1.000         1.000         1.000
 U10            1.000         1.000         1.000         1.000         1.000
 U11            1.000         1.000         1.000         1.000         1.000
 U12            1.000         1.000         1.000         1.000         1.000
 U13            1.000         1.000         1.000         1.000         1.000
 U14            1.000         1.000         1.000         1.000         1.000
 U15            1.000         1.000         1.000         1.000         1.000
 U16            1.000         1.000         1.000         1.000         1.000
 U17            1.000         1.000         1.000         1.000         1.000
 U18            1.000         1.000         1.000         1.000         1.000
 U19            1.000         1.000         1.000         1.000         1.000
 U20            1.000         1.000         1.000         1.000         1.000


           Covariance Coverage
              U11           U12           U13           U14           U15
              ________      ________      ________      ________      ________
 U11            1.000
 U12            1.000         1.000
 U13            1.000         1.000         1.000
 U14            1.000         1.000         1.000         1.000
 U15            1.000         1.000         1.000         1.000         1.000
 U16            1.000         1.000         1.000         1.000         1.000
 U17            1.000         1.000         1.000         1.000         1.000
 U18            1.000         1.000         1.000         1.000         1.000
 U19            1.000         1.000         1.000         1.000         1.000
 U20            1.000         1.000         1.000         1.000         1.000


           Covariance Coverage
              U16           U17           U18           U19           U20
              ________      ________      ________      ________      ________
 U16            1.000
 U17            1.000         1.000
 U18            1.000         1.000         1.000
 U19            1.000         1.000         1.000         1.000
 U20            1.000         1.000         1.000         1.000         1.000


UNIVARIATE PROPORTIONS AND COUNTS FOR CATEGORICAL VARIABLES

    U1
      Category 1    0.426          213.000
      Category 2    0.574          287.000
    U2
      Category 1    0.412          206.000
      Category 2    0.588          294.000
    U3
      Category 1    0.432          216.000
      Category 2    0.568          284.000
    U4
      Category 1    0.436          218.000
      Category 2    0.564          282.000
    U5
      Category 1    0.410          205.000
      Category 2    0.590          295.000
    U6
      Category 1    0.400          200.000
      Category 2    0.600          300.000
    U7
      Category 1    0.412          206.000
      Category 2    0.588          294.000
    U8
      Category 1    0.416          208.000
      Category 2    0.584          292.000
    U9
      Category 1    0.412          206.000
      Category 2    0.588          294.000
    U10
      Category 1    0.408          204.000
      Category 2    0.592          296.000
    U11
      Category 1    0.614          307.000
      Category 2    0.386          193.000
    U12
      Category 1    0.614          307.000
      Category 2    0.386          193.000
    U13
      Category 1    0.596          298.000
      Category 2    0.404          202.000
    U14
      Category 1    0.562          281.000
      Category 2    0.438          219.000
    U15
      Category 1    0.562          281.000
      Category 2    0.438          219.000
    U16
      Category 1    0.584          292.000
      Category 2    0.416          208.000
    U17
      Category 1    0.618          309.000
      Category 2    0.382          191.000
    U18
      Category 1    0.592          296.000
      Category 2    0.408          204.000
    U19
      Category 1    0.642          321.000
      Category 2    0.358          179.000
    U20
      Category 1    0.596          298.000
      Category 2    0.404          202.000



THE MODEL ESTIMATION TERMINATED NORMALLY



MODEL FIT INFORMATION

Number of Free Parameters                       39

Chi-Square Test of Model Fit

          Value                            291.160*
          Degrees of Freedom                   171
          P-Value                           0.0000

*   The chi-square value for MLM, MLMV, MLR, ULSMV, WLSM and WLSMV cannot be used
    for chi-square difference testing in the regular way.  MLM, MLR and WLSM
    chi-square difference testing is described on the Mplus website.  MLMV, WLSMV,
    and ULSMV difference testing is done using the DIFFTEST option.

RMSEA (Root Mean Square Error Of Approximation)

          Estimate                           0.037
          90 Percent C.I.                    0.030  0.045
          Probability RMSEA <= .05           0.998

CFI/TLI

          CFI                                0.935
          TLI                                0.927

Chi-Square Test of Model Fit for the Baseline Model

          Value                           2025.188
          Degrees of Freedom                   190
          P-Value                           0.0000

SRMR (Standardized Root Mean Square Residual)

          Value                              0.069

Optimum Function Value for Weighted Least-Squares Estimator

          Value                     0.24482020D+00



MODEL RESULTS

                                                    Two-Tailed
                    Estimate       S.E.  Est./S.E.    P-Value

 F        BY
    U1                 0.200      0.000    999.000    999.000
    U2                 0.531      0.052     10.115      0.000
    U3                 0.482      0.053      9.021      0.000
    U4                 0.576      0.050     11.595      0.000
    U5                 0.515      0.054      9.584      0.000
    U6                 0.316      0.061      5.184      0.000
    U7                 0.563      0.050     11.209      0.000
    U8                 0.536      0.050     10.671      0.000
    U9                 0.531      0.051     10.358      0.000
    U10                0.507      0.052      9.823      0.000
    U11                0.598      0.049     12.147      0.000
    U12                0.509      0.054      9.362      0.000
    U13                0.526      0.053     10.006      0.000
    U14                0.428      0.056      7.701      0.000
    U15                0.432      0.055      7.823      0.000
    U16                0.503      0.053      9.497      0.000
    U17                0.576      0.050     11.441      0.000
    U18                0.562      0.050     11.154      0.000
    U19                0.431      0.057      7.520      0.000
    U20                0.555      0.051     10.909      0.000

 Thresholds
    U1$1              -0.187      0.056     -3.308      0.001
    U2$1              -0.222      0.057     -3.932      0.000
    U3$1              -0.171      0.056     -3.040      0.002
    U4$1              -0.161      0.056     -2.861      0.004
    U5$1              -0.228      0.057     -4.022      0.000
    U6$1              -0.253      0.057     -4.468      0.000
    U7$1              -0.222      0.057     -3.932      0.000
    U8$1              -0.212      0.057     -3.754      0.000
    U9$1              -0.222      0.057     -3.932      0.000
    U10$1             -0.233      0.057     -4.111      0.000
    U11$1              0.290      0.057      5.091      0.000
    U12$1              0.290      0.057      5.091      0.000
    U13$1              0.243      0.057      4.289      0.000
    U14$1              0.156      0.056      2.772      0.006
    U15$1              0.156      0.056      2.772      0.006
    U16$1              0.212      0.057      3.754      0.000
    U17$1              0.300      0.057      5.269      0.000
    U18$1              0.233      0.057      4.111      0.000
    U19$1              0.364      0.057      6.336      0.000
    U20$1              0.243      0.057      4.289      0.000

 Variances
    F                  1.000      0.000    999.000    999.000


QUALITY OF NUMERICAL RESULTS

     Condition Number for the Information Matrix              0.146E+00
       (ratio of smallest to largest eigenvalue)


STANDARDIZED MODEL RESULTS


STDYX Standardization

                                                    Two-Tailed
                    Estimate       S.E.  Est./S.E.    P-Value

 F        BY
    U1                 0.200      0.000    999.000    999.000
    U2                 0.531      0.052     10.115      0.000
    U3                 0.482      0.053      9.021      0.000
    U4                 0.576      0.050     11.595      0.000
    U5                 0.515      0.054      9.584      0.000
    U6                 0.316      0.061      5.184      0.000
    U7                 0.563      0.050     11.209      0.000
    U8                 0.536      0.050     10.671      0.000
    U9                 0.531      0.051     10.358      0.000
    U10                0.507      0.052      9.823      0.000
    U11                0.598      0.049     12.147      0.000
    U12                0.509      0.054      9.362      0.000
    U13                0.526      0.053     10.006      0.000
    U14                0.428      0.056      7.701      0.000
    U15                0.432      0.055      7.823      0.000
    U16                0.503      0.053      9.497      0.000
    U17                0.576      0.050     11.441      0.000
    U18                0.562      0.050     11.154      0.000
    U19                0.431      0.057      7.520      0.000
    U20                0.555      0.051     10.909      0.000

 Thresholds
    U1$1              -0.187      0.056     -3.308      0.001
    U2$1              -0.222      0.057     -3.932      0.000
    U3$1              -0.171      0.056     -3.040      0.002
    U4$1              -0.161      0.056     -2.861      0.004
    U5$1              -0.228      0.057     -4.022      0.000
    U6$1              -0.253      0.057     -4.468      0.000
    U7$1              -0.222      0.057     -3.932      0.000
    U8$1              -0.212      0.057     -3.754      0.000
    U9$1              -0.222      0.057     -3.932      0.000
    U10$1             -0.233      0.057     -4.111      0.000
    U11$1              0.290      0.057      5.091      0.000
    U12$1              0.290      0.057      5.091      0.000
    U13$1              0.243      0.057      4.289      0.000
    U14$1              0.156      0.056      2.772      0.006
    U15$1              0.156      0.056      2.772      0.006
    U16$1              0.212      0.057      3.754      0.000
    U17$1              0.300      0.057      5.269      0.000
    U18$1              0.233      0.057      4.111      0.000
    U19$1              0.364      0.057      6.336      0.000
    U20$1              0.243      0.057      4.289      0.000

 Variances
    F                  1.000      0.000    999.000    999.000


STDY Standardization

                                                    Two-Tailed
                    Estimate       S.E.  Est./S.E.    P-Value

 F        BY
    U1                 0.200      0.000    999.000    999.000
    U2                 0.531      0.052     10.115      0.000
    U3                 0.482      0.053      9.021      0.000
    U4                 0.576      0.050     11.595      0.000
    U5                 0.515      0.054      9.584      0.000
    U6                 0.316      0.061      5.184      0.000
    U7                 0.563      0.050     11.209      0.000
    U8                 0.536      0.050     10.671      0.000
    U9                 0.531      0.051     10.358      0.000
    U10                0.507      0.052      9.823      0.000
    U11                0.598      0.049     12.147      0.000
    U12                0.509      0.054      9.362      0.000
    U13                0.526      0.053     10.006      0.000
    U14                0.428      0.056      7.701      0.000
    U15                0.432      0.055      7.823      0.000
    U16                0.503      0.053      9.497      0.000
    U17                0.576      0.050     11.441      0.000
    U18                0.562      0.050     11.154      0.000
    U19                0.431      0.057      7.520      0.000
    U20                0.555      0.051     10.909      0.000

 Thresholds
    U1$1              -0.187      0.056     -3.308      0.001
    U2$1              -0.222      0.057     -3.932      0.000
    U3$1              -0.171      0.056     -3.040      0.002
    U4$1              -0.161      0.056     -2.861      0.004
    U5$1              -0.228      0.057     -4.022      0.000
    U6$1              -0.253      0.057     -4.468      0.000
    U7$1              -0.222      0.057     -3.932      0.000
    U8$1              -0.212      0.057     -3.754      0.000
    U9$1              -0.222      0.057     -3.932      0.000
    U10$1             -0.233      0.057     -4.111      0.000
    U11$1              0.290      0.057      5.091      0.000
    U12$1              0.290      0.057      5.091      0.000
    U13$1              0.243      0.057      4.289      0.000
    U14$1              0.156      0.056      2.772      0.006
    U15$1              0.156      0.056      2.772      0.006
    U16$1              0.212      0.057      3.754      0.000
    U17$1              0.300      0.057      5.269      0.000
    U18$1              0.233      0.057      4.111      0.000
    U19$1              0.364      0.057      6.336      0.000
    U20$1              0.243      0.057      4.289      0.000

 Variances
    F                  1.000      0.000    999.000    999.000


STD Standardization

                                                    Two-Tailed
                    Estimate       S.E.  Est./S.E.    P-Value

 F        BY
    U1                 0.200      0.000    999.000    999.000
    U2                 0.531      0.052     10.115      0.000
    U3                 0.482      0.053      9.021      0.000
    U4                 0.576      0.050     11.595      0.000
    U5                 0.515      0.054      9.584      0.000
    U6                 0.316      0.061      5.184      0.000
    U7                 0.563      0.050     11.209      0.000
    U8                 0.536      0.050     10.671      0.000
    U9                 0.531      0.051     10.358      0.000
    U10                0.507      0.052      9.823      0.000
    U11                0.598      0.049     12.147      0.000
    U12                0.509      0.054      9.362      0.000
    U13                0.526      0.053     10.006      0.000
    U14                0.428      0.056      7.701      0.000
    U15                0.432      0.055      7.823      0.000
    U16                0.503      0.053      9.497      0.000
    U17                0.576      0.050     11.441      0.000
    U18                0.562      0.050     11.154      0.000
    U19                0.431      0.057      7.520      0.000
    U20                0.555      0.051     10.909      0.000

 Thresholds
    U1$1              -0.187      0.056     -3.308      0.001
    U2$1              -0.222      0.057     -3.932      0.000
    U3$1              -0.171      0.056     -3.040      0.002
    U4$1              -0.161      0.056     -2.861      0.004
    U5$1              -0.228      0.057     -4.022      0.000
    U6$1              -0.253      0.057     -4.468      0.000
    U7$1              -0.222      0.057     -3.932      0.000
    U8$1              -0.212      0.057     -3.754      0.000
    U9$1              -0.222      0.057     -3.932      0.000
    U10$1             -0.233      0.057     -4.111      0.000
    U11$1              0.290      0.057      5.091      0.000
    U12$1              0.290      0.057      5.091      0.000
    U13$1              0.243      0.057      4.289      0.000
    U14$1              0.156      0.056      2.772      0.006
    U15$1              0.156      0.056      2.772      0.006
    U16$1              0.212      0.057      3.754      0.000
    U17$1              0.300      0.057      5.269      0.000
    U18$1              0.233      0.057      4.111      0.000
    U19$1              0.364      0.057      6.336      0.000
    U20$1              0.243      0.057      4.289      0.000

 Variances
    F                  1.000      0.000    999.000    999.000


R-SQUARE

    Observed                                        Two-Tailed   Residual
    Variable        Estimate       S.E.  Est./S.E.    P-Value    Variance

    U1                 0.040      0.000    999.000    999.000      0.960
    U2                 0.281      0.056      5.057      0.000      0.719
    U3                 0.232      0.051      4.510      0.000      0.768
    U4                 0.332      0.057      5.798      0.000      0.668
    U5                 0.266      0.055      4.792      0.000      0.734
    U6                 0.100      0.039      2.592      0.010      0.900
    U7                 0.318      0.057      5.604      0.000      0.682
    U8                 0.287      0.054      5.335      0.000      0.713
    U9                 0.282      0.055      5.179      0.000      0.718
    U10                0.257      0.052      4.911      0.000      0.743
    U11                0.358      0.059      6.073      0.000      0.642
    U12                0.259      0.055      4.681      0.000      0.741
    U13                0.277      0.055      5.003      0.000      0.723
    U14                0.183      0.048      3.851      0.000      0.817
    U15                0.187      0.048      3.912      0.000      0.813
    U16                0.253      0.053      4.748      0.000      0.747
    U17                0.332      0.058      5.720      0.000      0.668
    U18                0.316      0.057      5.577      0.000      0.684
    U19                0.186      0.049      3.760      0.000      0.814
    U20                0.308      0.056      5.454      0.000      0.692


CONFIDENCE INTERVALS OF MODEL RESULTS

                  Lower .5%  Lower 2.5%    Lower 5%    Estimate    Upper 5%  Upper 2.5%   Upper .5%

 F        BY
    U1               0.200       0.200       0.200       0.200       0.200       0.200       0.200
    U2               0.395       0.428       0.444       0.531       0.617       0.633       0.666
    U3               0.344       0.377       0.394       0.482       0.570       0.587       0.619
    U4               0.448       0.479       0.495       0.576       0.658       0.674       0.704
    U5               0.377       0.410       0.427       0.515       0.604       0.621       0.654
    U6               0.159       0.197       0.216       0.316       0.416       0.435       0.473
    U7               0.434       0.465       0.481       0.563       0.646       0.662       0.693
    U8               0.406       0.437       0.453       0.536       0.618       0.634       0.665
    U9               0.399       0.431       0.447       0.531       0.616       0.632       0.664
    U10              0.374       0.406       0.422       0.507       0.592       0.608       0.640
    U11              0.472       0.502       0.517       0.598       0.679       0.695       0.725
    U12              0.369       0.402       0.419       0.509       0.598       0.615       0.649
    U13              0.391       0.423       0.439       0.526       0.612       0.629       0.661
    U14              0.285       0.319       0.336       0.428       0.519       0.537       0.571
    U15              0.290       0.324       0.342       0.432       0.523       0.541       0.575
    U16              0.366       0.399       0.416       0.503       0.590       0.607       0.639
    U17              0.446       0.477       0.493       0.576       0.659       0.674       0.705
    U18              0.433       0.464       0.480       0.562       0.645       0.661       0.692
    U19              0.284       0.319       0.337       0.431       0.526       0.544       0.579
    U20              0.424       0.455       0.471       0.555       0.639       0.655       0.686

 Thresholds
    U1$1            -0.332      -0.297      -0.279      -0.187      -0.094      -0.076      -0.041
    U2$1            -0.368      -0.333      -0.315      -0.222      -0.129      -0.112      -0.077
    U3$1            -0.316      -0.282      -0.264      -0.171      -0.079      -0.061      -0.026
    U4$1            -0.306      -0.271      -0.254      -0.161      -0.068      -0.051      -0.016
    U5$1            -0.373      -0.338      -0.321      -0.228      -0.134      -0.117      -0.082
    U6$1            -0.399      -0.364      -0.347      -0.253      -0.160      -0.142      -0.107
    U7$1            -0.368      -0.333      -0.315      -0.222      -0.129      -0.112      -0.077
    U8$1            -0.358      -0.323      -0.305      -0.212      -0.119      -0.101      -0.067
    U9$1            -0.368      -0.333      -0.315      -0.222      -0.129      -0.112      -0.077
    U10$1           -0.378      -0.344      -0.326      -0.233      -0.140      -0.122      -0.087
    U11$1            0.143       0.178       0.196       0.290       0.383       0.401       0.436
    U12$1            0.143       0.178       0.196       0.290       0.383       0.401       0.436
    U13$1            0.097       0.132       0.150       0.243       0.336       0.354       0.389
    U14$1            0.011       0.046       0.063       0.156       0.249       0.266       0.301
    U15$1            0.011       0.046       0.063       0.156       0.249       0.266       0.301
    U16$1            0.067       0.101       0.119       0.212       0.305       0.323       0.358
    U17$1            0.153       0.189       0.207       0.300       0.394       0.412       0.447
    U18$1            0.087       0.122       0.140       0.233       0.326       0.344       0.378
    U19$1            0.216       0.251       0.269       0.364       0.458       0.476       0.512
    U20$1            0.097       0.132       0.150       0.243       0.336       0.354       0.389

 Variances
    F                1.000       1.000       1.000       1.000       1.000       1.000       1.000


CONFIDENCE INTERVALS OF STANDARDIZED MODEL RESULTS


STDYX Standardization

                  Lower .5%  Lower 2.5%    Lower 5%    Estimate    Upper 5%  Upper 2.5%   Upper .5%

 F        BY
    U1               0.200       0.200       0.200       0.200       0.200       0.200       0.200
    U2               0.395       0.428       0.444       0.531       0.617       0.633       0.666
    U3               0.344       0.377       0.394       0.482       0.570       0.587       0.619
    U4               0.448       0.479       0.495       0.576       0.658       0.674       0.704
    U5               0.377       0.410       0.427       0.515       0.604       0.621       0.654
    U6               0.159       0.197       0.216       0.316       0.416       0.435       0.473
    U7               0.434       0.465       0.481       0.563       0.646       0.662       0.693
    U8               0.406       0.437       0.453       0.536       0.618       0.634       0.665
    U9               0.399       0.431       0.447       0.531       0.616       0.632       0.664
    U10              0.374       0.406       0.422       0.507       0.592       0.608       0.640
    U11              0.472       0.502       0.517       0.598       0.679       0.695       0.725
    U12              0.369       0.402       0.419       0.509       0.598       0.615       0.649
    U13              0.391       0.423       0.439       0.526       0.612       0.629       0.661
    U14              0.285       0.319       0.336       0.428       0.519       0.537       0.571
    U15              0.290       0.324       0.342       0.432       0.523       0.541       0.575
    U16              0.366       0.399       0.416       0.503       0.590       0.607       0.639
    U17              0.446       0.477       0.493       0.576       0.659       0.674       0.705
    U18              0.433       0.464       0.480       0.562       0.645       0.661       0.692
    U19              0.284       0.319       0.337       0.431       0.526       0.544       0.579
    U20              0.424       0.455       0.471       0.555       0.639       0.655       0.686

 Thresholds
    U1$1            -0.332      -0.297      -0.279      -0.187      -0.094      -0.076      -0.041
    U2$1            -0.368      -0.333      -0.315      -0.222      -0.129      -0.112      -0.077
    U3$1            -0.316      -0.282      -0.264      -0.171      -0.079      -0.061      -0.026
    U4$1            -0.306      -0.271      -0.254      -0.161      -0.068      -0.051      -0.016
    U5$1            -0.373      -0.338      -0.321      -0.228      -0.134      -0.117      -0.082
    U6$1            -0.399      -0.364      -0.347      -0.253      -0.160      -0.142      -0.107
    U7$1            -0.368      -0.333      -0.315      -0.222      -0.129      -0.112      -0.077
    U8$1            -0.358      -0.323      -0.305      -0.212      -0.119      -0.101      -0.067
    U9$1            -0.368      -0.333      -0.315      -0.222      -0.129      -0.112      -0.077
    U10$1           -0.378      -0.344      -0.326      -0.233      -0.140      -0.122      -0.087
    U11$1            0.143       0.178       0.196       0.290       0.383       0.401       0.436
    U12$1            0.143       0.178       0.196       0.290       0.383       0.401       0.436
    U13$1            0.097       0.132       0.150       0.243       0.336       0.354       0.389
    U14$1            0.011       0.046       0.063       0.156       0.249       0.266       0.301
    U15$1            0.011       0.046       0.063       0.156       0.249       0.266       0.301
    U16$1            0.067       0.101       0.119       0.212       0.305       0.323       0.358
    U17$1            0.153       0.189       0.207       0.300       0.394       0.412       0.447
    U18$1            0.087       0.122       0.140       0.233       0.326       0.344       0.378
    U19$1            0.216       0.251       0.269       0.364       0.458       0.476       0.512
    U20$1            0.097       0.132       0.150       0.243       0.336       0.354       0.389

 Variances
    F                1.000       1.000       1.000       1.000       1.000       1.000       1.000


STDY Standardization

                  Lower .5%  Lower 2.5%    Lower 5%    Estimate    Upper 5%  Upper 2.5%   Upper .5%

 F        BY
    U1               0.200       0.200       0.200       0.200       0.200       0.200       0.200
    U2               0.395       0.428       0.444       0.531       0.617       0.633       0.666
    U3               0.344       0.377       0.394       0.482       0.570       0.587       0.619
    U4               0.448       0.479       0.495       0.576       0.658       0.674       0.704
    U5               0.377       0.410       0.427       0.515       0.604       0.621       0.654
    U6               0.159       0.197       0.216       0.316       0.416       0.435       0.473
    U7               0.434       0.465       0.481       0.563       0.646       0.662       0.693
    U8               0.406       0.437       0.453       0.536       0.618       0.634       0.665
    U9               0.399       0.431       0.447       0.531       0.616       0.632       0.664
    U10              0.374       0.406       0.422       0.507       0.592       0.608       0.640
    U11              0.472       0.502       0.517       0.598       0.679       0.695       0.725
    U12              0.369       0.402       0.419       0.509       0.598       0.615       0.649
    U13              0.391       0.423       0.439       0.526       0.612       0.629       0.661
    U14              0.285       0.319       0.336       0.428       0.519       0.537       0.571
    U15              0.290       0.324       0.342       0.432       0.523       0.541       0.575
    U16              0.366       0.399       0.416       0.503       0.590       0.607       0.639
    U17              0.446       0.477       0.493       0.576       0.659       0.674       0.705
    U18              0.433       0.464       0.480       0.562       0.645       0.661       0.692
    U19              0.284       0.319       0.337       0.431       0.526       0.544       0.579
    U20              0.424       0.455       0.471       0.555       0.639       0.655       0.686

 Thresholds
    U1$1            -0.332      -0.297      -0.279      -0.187      -0.094      -0.076      -0.041
    U2$1            -0.368      -0.333      -0.315      -0.222      -0.129      -0.112      -0.077
    U3$1            -0.316      -0.282      -0.264      -0.171      -0.079      -0.061      -0.026
    U4$1            -0.306      -0.271      -0.254      -0.161      -0.068      -0.051      -0.016
    U5$1            -0.373      -0.338      -0.321      -0.228      -0.134      -0.117      -0.082
    U6$1            -0.399      -0.364      -0.347      -0.253      -0.160      -0.142      -0.107
    U7$1            -0.368      -0.333      -0.315      -0.222      -0.129      -0.112      -0.077
    U8$1            -0.358      -0.323      -0.305      -0.212      -0.119      -0.101      -0.067
    U9$1            -0.368      -0.333      -0.315      -0.222      -0.129      -0.112      -0.077
    U10$1           -0.378      -0.344      -0.326      -0.233      -0.140      -0.122      -0.087
    U11$1            0.143       0.178       0.196       0.290       0.383       0.401       0.436
    U12$1            0.143       0.178       0.196       0.290       0.383       0.401       0.436
    U13$1            0.097       0.132       0.150       0.243       0.336       0.354       0.389
    U14$1            0.011       0.046       0.063       0.156       0.249       0.266       0.301
    U15$1            0.011       0.046       0.063       0.156       0.249       0.266       0.301
    U16$1            0.067       0.101       0.119       0.212       0.305       0.323       0.358
    U17$1            0.153       0.189       0.207       0.300       0.394       0.412       0.447
    U18$1            0.087       0.122       0.140       0.233       0.326       0.344       0.378
    U19$1            0.216       0.251       0.269       0.364       0.458       0.476       0.512
    U20$1            0.097       0.132       0.150       0.243       0.336       0.354       0.389

 Variances
    F                1.000       1.000       1.000       1.000       1.000       1.000       1.000


STD Standardization

                  Lower .5%  Lower 2.5%    Lower 5%    Estimate    Upper 5%  Upper 2.5%   Upper .5%

 F        BY
    U1               0.200       0.200       0.200       0.200       0.200       0.200       0.200
    U2               0.395       0.428       0.444       0.531       0.617       0.633       0.666
    U3               0.344       0.377       0.394       0.482       0.570       0.587       0.619
    U4               0.448       0.479       0.495       0.576       0.658       0.674       0.704
    U5               0.377       0.410       0.427       0.515       0.604       0.621       0.654
    U6               0.159       0.197       0.216       0.316       0.416       0.435       0.473
    U7               0.434       0.465       0.481       0.563       0.646       0.662       0.693
    U8               0.406       0.437       0.453       0.536       0.618       0.634       0.665
    U9               0.399       0.431       0.447       0.531       0.616       0.632       0.664
    U10              0.374       0.406       0.422       0.507       0.592       0.608       0.640
    U11              0.472       0.502       0.517       0.598       0.679       0.695       0.725
    U12              0.369       0.402       0.419       0.509       0.598       0.615       0.649
    U13              0.391       0.423       0.439       0.526       0.612       0.629       0.661
    U14              0.285       0.319       0.336       0.428       0.519       0.537       0.571
    U15              0.290       0.324       0.342       0.432       0.523       0.541       0.575
    U16              0.366       0.399       0.416       0.503       0.590       0.607       0.639
    U17              0.446       0.477       0.493       0.576       0.659       0.674       0.705
    U18              0.433       0.464       0.480       0.562       0.645       0.661       0.692
    U19              0.284       0.319       0.337       0.431       0.526       0.544       0.579
    U20              0.424       0.455       0.471       0.555       0.639       0.655       0.686

 Thresholds
    U1$1            -0.332      -0.297      -0.279      -0.187      -0.094      -0.076      -0.041
    U2$1            -0.368      -0.333      -0.315      -0.222      -0.129      -0.112      -0.077
    U3$1            -0.316      -0.282      -0.264      -0.171      -0.079      -0.061      -0.026
    U4$1            -0.306      -0.271      -0.254      -0.161      -0.068      -0.051      -0.016
    U5$1            -0.373      -0.338      -0.321      -0.228      -0.134      -0.117      -0.082
    U6$1            -0.399      -0.364      -0.347      -0.253      -0.160      -0.142      -0.107
    U7$1            -0.368      -0.333      -0.315      -0.222      -0.129      -0.112      -0.077
    U8$1            -0.358      -0.323      -0.305      -0.212      -0.119      -0.101      -0.067
    U9$1            -0.368      -0.333      -0.315      -0.222      -0.129      -0.112      -0.077
    U10$1           -0.378      -0.344      -0.326      -0.233      -0.140      -0.122      -0.087
    U11$1            0.143       0.178       0.196       0.290       0.383       0.401       0.436
    U12$1            0.143       0.178       0.196       0.290       0.383       0.401       0.436
    U13$1            0.097       0.132       0.150       0.243       0.336       0.354       0.389
    U14$1            0.011       0.046       0.063       0.156       0.249       0.266       0.301
    U15$1            0.011       0.046       0.063       0.156       0.249       0.266       0.301
    U16$1            0.067       0.101       0.119       0.212       0.305       0.323       0.358
    U17$1            0.153       0.189       0.207       0.300       0.394       0.412       0.447
    U18$1            0.087       0.122       0.140       0.233       0.326       0.344       0.378
    U19$1            0.216       0.251       0.269       0.364       0.458       0.476       0.512
    U20$1            0.097       0.132       0.150       0.243       0.336       0.354       0.389

 Variances
    F                1.000       1.000       1.000       1.000       1.000       1.000       1.000


MODEL MODIFICATION INDICES

Minimum M.I. value for printing the modification index    10.000

                                   M.I.     E.P.C.  Std E.P.C.  StdYX E.P.C.

ON/BY Statements

U1       ON F        /
F        BY U1                   124.619     0.326      0.326        0.326
F        ON F        /
F        BY F                    124.627     1.629      1.629        1.629

ON Statements

F        ON U1                   124.620     0.313      0.313        0.313
F        ON U2                   124.631     3.071      3.071        3.071
F        ON U3                   124.628     3.381      3.381        3.381
F        ON U4                   124.629     2.827      2.827        2.827
F        ON U5                   124.633     3.161      3.161        3.161
F        ON U6                   124.630     5.156      5.156        5.156
F        ON U7                   124.623     2.891      2.891        2.891
F        ON U8                   124.625     3.041      3.041        3.041
F        ON U9                   124.626     3.066      3.066        3.066
F        ON U10                  124.628     3.214      3.214        3.214
F        ON U11                  124.627     2.722      2.722        2.722
F        ON U12                  124.634     3.202      3.202        3.202
F        ON U13                  124.627     3.098      3.098        3.098
F        ON U14                  124.637     3.808      3.808        3.808
F        ON U15                  124.628     3.768      3.768        3.768
F        ON U16                  124.632     3.241      3.241        3.241
F        ON U17                  124.627     2.830      2.830        2.830
F        ON U18                  124.620     2.896      2.896        2.896
F        ON U19                  124.621     3.778      3.778        3.778
F        ON U20                  124.634     2.936      2.936        2.936
U1       ON U1                   124.619     1.629      1.629        1.629
U1       ON U2                   110.478     0.381      0.381        0.381
U1       ON U3                   104.406     0.397      0.397        0.397
U1       ON U4                    77.811     0.319      0.319        0.319
U1       ON U5                    75.738     0.340      0.340        0.340
U1       ON U6                    43.298     0.343      0.343        0.343
U1       ON U7                    90.610     0.344      0.344        0.344
U1       ON U8                    82.878     0.344      0.344        0.344
U1       ON U9                    73.799     0.330      0.330        0.330
U1       ON U10                   78.054     0.348      0.348        0.348
U1       ON U11                   92.668     0.335      0.335        0.335
U1       ON U12                   96.330     0.378      0.378        0.378
U1       ON U13                   81.084     0.346      0.346        0.346
U1       ON U14                   61.225     0.346      0.346        0.346
U1       ON U15                   78.995     0.383      0.383        0.383
U1       ON U16                   81.047     0.356      0.356        0.356
U1       ON U17                   87.300     0.337      0.337        0.337
U1       ON U18                   88.938     0.343      0.343        0.343
U1       ON U19                   73.567     0.378      0.378        0.378
U1       ON U20                   83.631     0.338      0.338        0.338
U2       ON U1                    27.463     0.317      0.317        0.317
U3       ON U1                    23.207     0.296      0.296        0.296
U12      ON U1                    14.872     0.247      0.247        0.247

WITH Statements

U1       WITH F                  124.619     0.326      0.326        0.333
U2       WITH U1                  27.462     0.317      0.317        0.381
U3       WITH U1                  23.207     0.296      0.296        0.345
U12      WITH U1                  14.871     0.247      0.247        0.293

Variances/Residual Variances

F                                124.627     3.259      3.259        3.259


SAVEDATA INFORMATION


  Results in H5 Format

  Save file
    ex5_5_wlsmv.h5

  List of results saved

    Summary of Analysis
    Model Fit Information
    Model Results
    Standardized Model Results
    R-Square
    Confidence Intervals of Model Results
    Confidence Intervals of Standardized Model Results
    Model Modification Indices

     Beginning Time:  21:28:11
        Ending Time:  21:28:11
       Elapsed Time:  00:00:00



MUTHEN & MUTHEN
3463 Stoner Ave.
Los Angeles, CA  90066

Tel: (310) 391-9971
Fax: (310) 391-8971
Web: www.StatModel.com
Support: Support@StatModel.com

Copyright (c) 1998-2024 Muthen & Muthen
